[debug] [2023-12-01T11:07:30.299Z] ----------------------------------------------------------------------
[debug] [2023-12-01T11:07:30.301Z] Command:       C:\Program Files\nodejs\node.exe C:\Users\LENOVO\AppData\Roaming\npm\node_modules\firebase-tools\lib\bin\firebase.js init hosting
[debug] [2023-12-01T11:07:30.301Z] CLI Version:   12.9.1
[debug] [2023-12-01T11:07:30.301Z] Platform:      win32
[debug] [2023-12-01T11:07:30.302Z] Node Version:  v20.9.0
[debug] [2023-12-01T11:07:30.302Z] Time:          Fri Dec 01 2023 18:07:30 GMT+0700 (Indochina Time)
[debug] [2023-12-01T11:07:30.302Z] ----------------------------------------------------------------------
[debug] 
[debug] [2023-12-01T11:07:30.361Z] > command requires scopes: ["email","openid","https://www.googleapis.com/auth/cloudplatformprojects.readonly","https://www.googleapis.com/auth/firebase","https://www.googleapis.com/auth/cloud-platform"]
[debug] [2023-12-01T11:07:30.362Z] > authorizing via signed-in user (borithmonorom@gmail.com)
[info] 
     ######## #### ########  ######## ########     ###     ######  ########
     ##        ##  ##     ## ##       ##     ##  ##   ##  ##       ##
     ######    ##  ########  ######   ########  #########  ######  ######
     ##        ##  ##    ##  ##       ##     ## ##     ##       ## ##
     ##       #### ##     ## ######## ########  ##     ##  ######  ########

You're about to initialize a Firebase project in this directory:

  C:\Users\LENOVO\OneDrive - Cloud Server\Desktop\Learn_Angular\Learn_Angular

Before we get started, keep in mind:

  * You are initializing within an existing Firebase project directory

[info] 
=== Project Setup
[info] 
[info] First, let's associate this project directory with a Firebase project.
[info] You can create multiple project aliases by running firebase use --add, 
[info] but for now we'll just set up a default project.
[info] 
[debug] [2023-12-01T11:07:36.073Z] Using project from CLI flag: angular-project-379502
[debug] [2023-12-01T11:07:36.075Z] >>> [apiv2][query] GET https://firebase.googleapis.com/v1beta1/projects/angular-project-379502 [none]
[debug] [2023-12-01T11:07:36.554Z] <<< [apiv2][status] GET https://firebase.googleapis.com/v1beta1/projects/angular-project-379502 200
[debug] [2023-12-01T11:07:36.555Z] <<< [apiv2][body] GET https://firebase.googleapis.com/v1beta1/projects/angular-project-379502 {"projectId":"angular-project-379502","projectNumber":"627221130234","displayName":"angular-project","name":"projects/angular-project-379502","resources":{"hostingSite":"angular-project-379502"},"state":"ACTIVE","etag":"1_3d9ec018-7d78-4ccd-82be-f632937e7ad4"}
[info] i  Using project angular-project-379502 (angular-project) 
[info] 
=== Hosting Setup
[debug] [2023-12-01T11:07:36.562Z] >>> [apiv2][query] GET https://firebase.googleapis.com/v1beta1/projects/angular-project-379502 [none]
[debug] [2023-12-01T11:07:36.887Z] <<< [apiv2][status] GET https://firebase.googleapis.com/v1beta1/projects/angular-project-379502 200
[debug] [2023-12-01T11:07:36.887Z] <<< [apiv2][body] GET https://firebase.googleapis.com/v1beta1/projects/angular-project-379502 {"projectId":"angular-project-379502","projectNumber":"627221130234","displayName":"angular-project","name":"projects/angular-project-379502","resources":{"hostingSite":"angular-project-379502"},"state":"ACTIVE","etag":"1_3d9ec018-7d78-4ccd-82be-f632937e7ad4"}
[info] 
[info] Your public directory is the folder (relative to your project directory) that
[info] will contain Hosting assets to be uploaded with firebase deploy. If you
[info] have a build process for your assets, use your build's output directory.
[info] 
